0 info it worked if it ends with ok
1 verbose cli [ '/usr/local/Cellar/node/4.1.0/bin/node',
1 verbose cli   '/usr/local/bin/npm',
1 verbose cli   'install',
1 verbose cli   'brains',
1 verbose cli   '--save' ]
2 info using npm@2.14.4
3 info using node@v4.1.0
4 verbose install initial load of /Users/cfowler/tiy/projects/abstract/package.json
5 warn package.json browserify-example@1.0.0 No repository field.
6 verbose installManyTop reading scoped package data from /Users/cfowler/tiy/projects/abstract/node_modules/angular/package.json
7 verbose installManyTop reading scoped package data from /Users/cfowler/tiy/projects/abstract/node_modules/angular-cookies/package.json
8 verbose installManyTop reading scoped package data from /Users/cfowler/tiy/projects/abstract/node_modules/angular-ui-router/package.json
9 verbose installManyTop reading scoped package data from /Users/cfowler/tiy/projects/abstract/node_modules/babelify/package.json
10 verbose installManyTop reading scoped package data from /Users/cfowler/tiy/projects/abstract/node_modules/browserify/package.json
11 verbose installManyTop reading scoped package data from /Users/cfowler/tiy/projects/abstract/node_modules/chai/package.json
12 verbose installManyTop reading scoped package data from /Users/cfowler/tiy/projects/abstract/node_modules/font-awesome/package.json
13 verbose installManyTop reading scoped package data from /Users/cfowler/tiy/projects/abstract/node_modules/foundation-sites/package.json
14 verbose installManyTop reading scoped package data from /Users/cfowler/tiy/projects/abstract/node_modules/gulp/package.json
15 verbose installManyTop reading scoped package data from /Users/cfowler/tiy/projects/abstract/node_modules/gulp-htmlhint/package.json
16 verbose installManyTop reading scoped package data from /Users/cfowler/tiy/projects/abstract/node_modules/gulp-jscs/package.json
17 verbose installManyTop reading scoped package data from /Users/cfowler/tiy/projects/abstract/node_modules/gulp-jshint/package.json
18 verbose installManyTop reading scoped package data from /Users/cfowler/tiy/projects/abstract/node_modules/gulp-notify/package.json
19 verbose installManyTop reading scoped package data from /Users/cfowler/tiy/projects/abstract/node_modules/gulp-plumber/package.json
20 verbose installManyTop reading scoped package data from /Users/cfowler/tiy/projects/abstract/node_modules/gulp-sass/package.json
21 verbose installManyTop reading scoped package data from /Users/cfowler/tiy/projects/abstract/node_modules/gulp-server-livereload/package.json
22 verbose installManyTop reading scoped package data from /Users/cfowler/tiy/projects/abstract/node_modules/gulp-sourcemaps/package.json
23 verbose installManyTop reading scoped package data from /Users/cfowler/tiy/projects/abstract/node_modules/gulp-uglify/package.json
24 verbose installManyTop reading scoped package data from /Users/cfowler/tiy/projects/abstract/node_modules/gulp-watch/package.json
25 verbose installManyTop reading scoped package data from /Users/cfowler/tiy/projects/abstract/node_modules/jquery/package.json
26 verbose installManyTop reading scoped package data from /Users/cfowler/tiy/projects/abstract/node_modules/jshint-jsx/package.json
27 verbose installManyTop reading scoped package data from /Users/cfowler/tiy/projects/abstract/node_modules/jshint-stylish/package.json
28 verbose installManyTop reading scoped package data from /Users/cfowler/tiy/projects/abstract/node_modules/mocha/package.json
29 verbose installManyTop reading scoped package data from /Users/cfowler/tiy/projects/abstract/node_modules/moment/package.json
30 verbose installManyTop reading scoped package data from /Users/cfowler/tiy/projects/abstract/node_modules/node-bourbon/package.json
31 verbose installManyTop reading scoped package data from /Users/cfowler/tiy/projects/abstract/node_modules/node-font-awesome/package.json
32 verbose installManyTop reading scoped package data from /Users/cfowler/tiy/projects/abstract/node_modules/node-neat/package.json
33 verbose installManyTop reading scoped package data from /Users/cfowler/tiy/projects/abstract/node_modules/normalize.css/package.json
34 verbose installManyTop reading scoped package data from /Users/cfowler/tiy/projects/abstract/node_modules/uglifyify/package.json
35 verbose installManyTop reading scoped package data from /Users/cfowler/tiy/projects/abstract/node_modules/underscore/package.json
36 verbose installManyTop reading scoped package data from /Users/cfowler/tiy/projects/abstract/node_modules/vinyl-buffer/package.json
37 verbose installManyTop reading scoped package data from /Users/cfowler/tiy/projects/abstract/node_modules/vinyl-source-stream/package.json
38 verbose installManyTop reading scoped package data from /Users/cfowler/tiy/projects/abstract/node_modules/watchify/package.json
39 info package.json angular-ui-router@0.2.15 No license field.
40 info package.json foundation-sites@5.5.3 No license field.
41 info package.json gulp-notify@2.2.0 No license field.
42 info package.json jquery@2.1.4 No license field.
43 verbose readDependencies loading dependencies from /Users/cfowler/tiy/projects/abstract/package.json
44 silly cache add args [ 'brains', null ]
45 verbose cache add spec brains
46 silly cache add parsed spec Result {
46 silly cache add   raw: 'brains',
46 silly cache add   scope: null,
46 silly cache add   name: 'brains',
46 silly cache add   rawSpec: '',
46 silly cache add   spec: '*',
46 silly cache add   type: 'range' }
47 silly addNamed brains@*
48 verbose addNamed "*" is a valid semver range for brains
49 silly addNameRange { name: 'brains', range: '*', hasData: false }
50 silly mapToRegistry name brains
51 silly mapToRegistry using default registry
52 silly mapToRegistry registry https://registry.npmjs.org/
53 silly mapToRegistry uri https://registry.npmjs.org/brains
54 verbose addNameRange registry:https://registry.npmjs.org/brains not in flight; fetching
55 verbose request uri https://registry.npmjs.org/brains
56 verbose request no auth needed
57 info attempt registry request try #1 at 5:21:15 PM
58 verbose request id c019cfe2f9f47f55
59 http request GET https://registry.npmjs.org/brains
60 http 404 https://registry.npmjs.org/brains
61 verbose headers { server: 'CouchDB/1.5.0 (Erlang OTP/R16B03)',
61 verbose headers   etag: '"DTI730IXZDT6USS999RK08GC2"',
61 verbose headers   'content-type': 'application/json',
61 verbose headers   'cache-control': 'max-age=0',
61 verbose headers   'content-length': '387',
61 verbose headers   'accept-ranges': 'bytes',
61 verbose headers   date: 'Tue, 01 Dec 2015 22:21:16 GMT',
61 verbose headers   via: '1.1 varnish',
61 verbose headers   age: '0',
61 verbose headers   connection: 'keep-alive',
61 verbose headers   'x-served-by': 'cache-atl6230-ATL',
61 verbose headers   'x-cache': 'MISS',
61 verbose headers   'x-cache-hits': '0',
61 verbose headers   'x-timer': 'S1449008476.254821,VS0,VE89',
61 verbose headers   vary: 'Accept' }
62 silly get cb [ 404,
62 silly get   { server: 'CouchDB/1.5.0 (Erlang OTP/R16B03)',
62 silly get     etag: '"DTI730IXZDT6USS999RK08GC2"',
62 silly get     'content-type': 'application/json',
62 silly get     'cache-control': 'max-age=0',
62 silly get     'content-length': '387',
62 silly get     'accept-ranges': 'bytes',
62 silly get     date: 'Tue, 01 Dec 2015 22:21:16 GMT',
62 silly get     via: '1.1 varnish',
62 silly get     age: '0',
62 silly get     connection: 'keep-alive',
62 silly get     'x-served-by': 'cache-atl6230-ATL',
62 silly get     'x-cache': 'MISS',
62 silly get     'x-cache-hits': '0',
62 silly get     'x-timer': 'S1449008476.254821,VS0,VE89',
62 silly get     vary: 'Accept' } ]
63 verbose stack Error: Registry returned 404 for GET on https://registry.npmjs.org/brains
63 verbose stack     at makeError (/usr/local/lib/node_modules/npm/node_modules/npm-registry-client/lib/request.js:263:12)
63 verbose stack     at CachingRegistryClient.<anonymous> (/usr/local/lib/node_modules/npm/node_modules/npm-registry-client/lib/request.js:241:14)
63 verbose stack     at Request._callback (/usr/local/lib/node_modules/npm/node_modules/npm-registry-client/lib/request.js:171:14)
63 verbose stack     at Request.self.callback (/usr/local/lib/node_modules/npm/node_modules/request/request.js:198:22)
63 verbose stack     at emitTwo (events.js:87:13)
63 verbose stack     at Request.emit (events.js:172:7)
63 verbose stack     at Request.<anonymous> (/usr/local/lib/node_modules/npm/node_modules/request/request.js:1073:14)
63 verbose stack     at emitOne (events.js:82:20)
63 verbose stack     at Request.emit (events.js:169:7)
63 verbose stack     at IncomingMessage.<anonymous> (/usr/local/lib/node_modules/npm/node_modules/request/request.js:1019:12)
64 verbose statusCode 404
65 verbose pkgid brains
66 verbose cwd /Users/cfowler/tiy/projects/abstract
67 error Darwin 14.5.0
68 error argv "/usr/local/Cellar/node/4.1.0/bin/node" "/usr/local/bin/npm" "install" "brains" "--save"
69 error node v4.1.0
70 error npm  v2.14.4
71 error code E404
72 error 404 Registry returned 404 for GET on https://registry.npmjs.org/brains
72 error 404
72 error 404 'brains' is not in the npm registry.
72 error 404 You should bug the author to publish it (or use the name yourself!)
72 error 404 It was specified as a dependency of 'browserify-example'
72 error 404
72 error 404 Note that you can also install from a
72 error 404 tarball, folder, http url, or git url.
73 verbose exit [ 1, true ]
